WARNING:COMMIT_LOG_LONG_LINE:
WARNING:COMMIT_LOG_LONG_LINE:
WARNING:BAD_SIGN_OFF:
WARNING:COMMIT_LOG_LONG_LINE:
WARNING:BLOCK_COMMENT_STYLE:
WARNING:FROM_SIGN_OFF_MISMATCH:
WARNING:TYPO_SPELLING:
WARNING:BAD_STABLE_ADDRESS_STYLE:
WARNING:PREFER_PR_LEVEL:
WARNING:BAD_STABLE_ADDRESS_STYLE:
WARNING:BAD_STABLE_ADDRESS_STYLE:
WARNING:FUNCTION_ARGUMENTS:
WARNING:FUNCTION_ARGUMENTS:
WARNING:FUNCTION_ARGUMENTS:
WARNING:FUNCTION_ARGUMENTS:
WARNING:COMMIT_LOG_LONG_LINE:
WARNING:TYPO_SPELLING:
WARNING:FILE_PATH_CHANGES:
WARNING:COMMIT_LOG_LONG_LINE:
WARNING:BAD_SIGN_OFF:
WARNING:COMMIT_LOG_LONG_LINE:
WARNING:USE_RELATIVE_PATH:
WARNING:COMMIT_LOG_LONG_LINE:
WARNING:FROM_SIGN_OFF_MISMATCH:
WARNING:FILE_PATH_CHANGES:
WARNING:TYPO_SPELLING:
WARNING:COMMIT_LOG_LONG_LINE:
WARNING:LONG_LINE:
WARNING:LINE_SPACING:
WARNING:FILE_PATH_CHANGES:
WARNING:BAD_STABLE_ADDRESS_STYLE:
WARNING:BAD_SIGN_OFF:
WARNING:BAD_STABLE_ADDRESS_STYLE:
WARNING:BAD_STABLE_ADDRESS_STYLE:
WARNING:COMMIT_LOG_LONG_LINE:
WARNING:COMMIT_LOG_LONG_LINE:
WARNING:COMMIT_LOG_LONG_LINE:
WARNING:COMMIT_MESSAGE:
WARNING:COMMIT_LOG_LONG_LINE:
WARNING:COMMIT_LOG_LONG_LINE:
WARNING:COMMIT_LOG_LONG_LINE:
WARNING:COMMIT_LOG_LONG_LINE:
WARNING:LONG_LINE:
WARNING:LONG_LINE:
WARNING:BAD_STABLE_ADDRESS_STYLE:
WARNING:LONG_LINE:
WARNING:COMMIT_LOG_LONG_LINE:
WARNING:FUNCTION_ARGUMENTS:
WARNING:COMMIT_LOG_LONG_LINE:
WARNING:TYPO_SPELLING:
WARNING:FILE_PATH_CHANGES:
WARNING:LEADING_SPACE:
WARNING:LEADING_SPACE:
WARNING:LEADING_SPACE:
WARNING:LEADING_SPACE:
WARNING:COMMIT_LOG_LONG_LINE:
WARNING:TYPO_SPELLING:
WARNING:COMMIT_LOG_LONG_LINE:
WARNING:LONG_LINE_COMMENT:
WARNING:COMMIT_LOG_LONG_LINE:
WARNING:COMMIT_LOG_LONG_LINE:
WARNING:AVOID_EXTERNS:
WARNING:COMMIT_LOG_LONG_LINE:
WARNING:COMMIT_MESSAGE:
